START-OF-LOG: 3.0
LOCATION: ENY
CALLSIGN: K2SUL
CLUB:
CONTEST: ARRL-FIELD-DAY
CATEGORY-OPERATOR: MULTI-OP
CATEGORY-ASSISTED: ASSISTED
CATEGORY-BAND: ALL
CATEGORY-MODE: MIXED
CATEGORY-POWER: LOW
CATEGORY-STATION: FIXED
CATEGORY-TRANSMITTER: UNLIMITED
CLAIMED-SCORE: 678
OPERATORS: KI2D
NAME: Sebastian
ADDRESS: PO Box 594
ADDRESS-CITY: Woodridge
ADDRESS-STATE-PROVINCE: NY
ADDRESS-POSTALCODE: 12789
ADDRESS-COUNTRY: UNITED STATES
GRID-LOCATOR: FN21RQ
EMAIL: ki2d@ki2d.net
CREATED-BY: N1MM Logger+ 1.0.9161.0
QSO:  7000 PH 2021-06-26 1620 K2SUL         5A     ENY K9ILS         3A   IL
QSO:  7000 PH 2021-06-26 1623 K2SUL         5A     ENY N2KW          1D   NC
QSO:  7000 PH 2021-06-26 1625 K2SUL         5A     ENY KC4NX         1D   TN
QSO:  7000 PH 2021-06-26 1627 K2SUL         5A     ENY K4SAR         1E   NC
QSO:  7000 PH 2021-06-26 1629 K2SUL         5A     ENY W4QQ          2A   GA
QSO:  7000 PH 2021-06-26 1635 K2SUL         5A     ENY WO9Z          1D   IN
QSO:  7000 PH 2021-06-26 1645 K2SUL         5A     ENY K8UNS         3A   MI
QSO:  7000 PH 2021-06-26 1648 K2SUL         5A     ENY W6VM          2A   OH
QSO:  7000 PH 2021-06-26 1702 K2SUL         5A     ENY NC4KW         1D   NC
QSO:  7000 PH 2021-06-26 1707 K2SUL         5A     ENY W4HS          4A   NC
QSO:  7000 PH 2021-06-26 1720 K2SUL         5A     ENY KM8G          1E   WV
QSO:  7000 PH 2021-06-26 1739 K2SUL         5A     ENY N4CWZ         1A   NC
QSO:  7000 PH 2021-06-26 1745 K2SUL         5A     ENY WC8VOA        1A   OH
QSO:  7000 PH 2021-06-26 1752 K2SUL         5A     ENY K5OF          1A   NC
QSO:  7160 PH 2021-06-26 1801 K2SUL         5A     ENY K4RC          2A   VA
QSO:  7000 PH 2021-06-26 1805 K2SUL         5A     ENY NF9Z          1D   IL
QSO: 14043 CW 2021-06-26 1806 K2SUL         5A     ENY W8TK          2E   AZ
QSO:  7000 PH 2021-06-26 1807 K2SUL         5A     ENY N8BV          1E   OH
QSO:  7000 PH 2021-06-26 1810 K2SUL         5A     ENY W4VA          3A   VA
QSO:  7000 PH 2021-06-26 1812 K2SUL         5A     ENY K1LX          4A   ME
QSO: 14040 CW 2021-06-26 1814 K2SUL         5A     ENY NV9L          1E   IL
QSO: 14037 CW 2021-06-26 1817 K2SUL         5A     ENY W9GA          4A   WI
QSO:  7000 PH 2021-06-26 1819 K2SUL         5A     ENY W8OTC         1A   MI
QSO: 14039 CW 2021-06-26 1819 K2SUL         5A     ENY K4VRC         2A   NFL
QSO:  7158 PH 2021-06-26 1822 K2SUL         5A     ENY N8SL          4A   MI
QSO:  7000 PH 2021-06-26 1822 K2SUL         5A     ENY AB9PR         2D   IL
QSO: 14035 CW 2021-06-26 1823 K2SUL         5A     ENY K9RN          2A   IL
QSO: 14034 CW 2021-06-26 1824 K2SUL         5A     ENY K5TU          1E   STX
QSO: 14029 CW 2021-06-26 1825 K2SUL         5A     ENY N1TO          1E   SFL
QSO:  7000 PH 2021-06-26 1826 K2SUL         5A     ENY K9YK          1D   IN
QSO:  7166 PH 2021-06-26 1827 K2SUL         5A     ENY K8BF          4A   OH
QSO: 14025 CW 2021-06-26 1832 K2SUL         5A     ENY N5CW          1E   MS
QSO: 14321 PH 2021-06-26 1833 K2SUL         5A     ENY K5RMS         3F   MS
QSO: 14025 CW 2021-06-26 1845 K2SUL         5A     ENY W4MLB         2F   SFL
QSO: 14003 CW 2021-06-26 1849 K2SUL         5A     ENY K4FC          5A   NFL
QSO: 14004 CW 2021-06-26 1851 K2SUL         5A     ENY KB5NJD        1D   NTX
QSO: 14006 CW 2021-06-26 1854 K2SUL         5A     ENY N4EK          1D   NFL
QSO: 14008 CW 2021-06-26 1858 K2SUL         5A     ENY W4GJ          1D   NFL
QSO:  7190 PH 2021-06-26 1858 K2SUL         5A     ENY N0FUK         1E   IA
QSO: 14011 CW 2021-06-26 1859 K2SUL         5A     ENY K4TCG         1D   TN
QSO: 14013 CW 2021-06-26 1904 K2SUL         5A     ENY K9OM          2E   WI
QSO: 14011 CW 2021-06-26 1908 K2SUL         5A     ENY K9LJ2N        1E   IL
QSO: 14018 CW 2021-06-26 1915 K2SUL         5A     ENY N5XZ          1D   STX
QSO: 14022 CW 2021-06-26 1917 K2SUL         5A     ENY W0ECC         1E   MO
QSO: 14023 CW 2021-06-26 1920 K2SUL         5A     ENY N5RZ          1E   STX
QSO: 14024 CW 2021-06-26 1922 K2SUL         5A     ENY K5CM          2A   OK
QSO: 14173 PH 2021-06-26 1936 K2SUL         5A     ENY W6KW          2D   GA
QSO:  7184 PH 2021-06-26 1953 K2SUL         5A     ENY WO9Z          1D   IN
QSO: 14026 CW 2021-06-26 2001 K2SUL         5A     ENY KM4EA         3A   TN
QSO: 14004 CW 2021-06-26 2007 K2SUL         5A     ENY VE6NQ         3A   AB
QSO: 14062 CW 2021-06-26 2036 K2SUL         5A     ENY W5NGU         4A   NTX
QSO:  7282 PH 2021-06-26 2038 K2SUL         5A     ENY W8ZPF         3A   OH
QSO: 14054 CW 2021-06-26 2039 K2SUL         5A     ENY W0TT          1D   MO
QSO: 14060 CW 2021-06-26 2043 K2SUL         5A     ENY WA7NB         1A   AZ
QSO: 14061 CW 2021-06-26 2044 K2SUL         5A     ENY W5NC          3F   STX
QSO: 14010 CW 2021-06-26 2054 K2SUL         5A     ENY N4QS          1D   KY
QSO: 14011 CW 2021-06-26 2059 K2SUL         5A     ENY WI4F          1D   GA
QSO: 14015 CW 2021-06-26 2114 K2SUL         5A     ENY W7PX          1A   MT
QSO: 14025 CW 2021-06-26 2119 K2SUL         5A     ENY W5CT          2E   STX
QSO: 14026 CW 2021-06-26 2122 K2SUL         5A     ENY KD5C          3E   WTX
QSO: 14028 CW 2021-06-26 2124 K2SUL         5A     ENY N4BP          1E   SFL
QSO: 14029 CW 2021-06-26 2125 K2SUL         5A     ENY KS0JA         3F   KS
QSO:  7208 PH 2021-06-26 2131 K2SUL         5A     ENY W8MET         1D   OH
QSO: 14034 CW 2021-06-26 2132 K2SUL         5A     ENY W0AK          3A   IA
QSO:  7217 PH 2021-06-26 2135 K2SUL         5A     ENY W8HN          4A   OH
QSO: 14037 CW 2021-06-26 2137 K2SUL         5A     ENY NG5M          1A   AR
QSO: 14038 CW 2021-06-26 2140 K2SUL         5A     ENY W0OJY         3A   SD
QSO: 14039 CW 2021-06-26 2142 K2SUL         5A     ENY KR4Z          1E   NFL
QSO:  7232 PH 2021-06-26 2152 K2SUL         5A     ENY W9SU          3A   IN
QSO: 14039 CW 2021-06-26 2153 K2SUL         5A     ENY W7SP          3A   UT
QSO:  7232 PH 2021-06-26 2156 K2SUL         5A     ENY K8EMA         2F   OH
QSO:  7242 PH 2021-06-26 2158 K2SUL         5A     ENY W8FY          4F   OH
QSO: 14045 CW 2021-06-26 2201 K2SUL         5A     ENY K4BFT         4A   AL
QSO:  7246 PH 2021-06-26 2203 K2SUL         5A     ENY K4SV          2A   SC
QSO: 14047 CW 2021-06-26 2204 K2SUL         5A     ENY K0IIT         2A   CO
QSO: 14290 PH 2021-06-26 2214 K2SUL         5A     ENY K4MN          2A   NC
QSO: 14050 CW 2021-06-26 2217 K2SUL         5A     ENY N4MIO         2A   NC
QSO: 14228 PH 2021-06-26 2220 K2SUL         5A     ENY N4EE          2A   SC
QSO:  7279 PH 2021-06-26 2220 K2SUL         5A     ENY AJ4A          6A   KY
QSO: 14250 PH 2021-06-26 2229 K2SUL         5A     ENY K4WD          3A   SC
QSO: 14055 CW 2021-06-26 2237 K2SUL         5A     ENY N4TP          2D   WCF
QSO:  7294 PH 2021-06-26 2237 K2SUL         5A     ENY N4DBR         1D   MI
QSO: 14055 CW 2021-06-26 2238 K2SUL         5A     ENY W7KKM         1B   AZ
QSO: 14003 CW 2021-06-26 2248 K2SUL         5A     ENY K5TR          1D   STX
QSO: 14004 CW 2021-06-26 2249 K2SUL         5A     ENY VE1RSM        1D   MAR
QSO: 14009 CW 2021-06-26 2254 K2SUL         5A     ENY K2PO          1D   OR
QSO: 14010 CW 2021-06-26 2256 K2SUL         5A     ENY N6MJ          1D   ORG
QSO: 14012 CW 2021-06-26 2301 K2SUL         5A     ENY WC7Q          1D   WWA
QSO: 14017 CW 2021-06-26 2307 K2SUL         5A     ENY K6LA          1E   LAX
QSO:  7000 PH 2021-06-26 2332 K2SUL         5A     ENY W4CA          4A   VA
QSO:  7190 PH 2021-06-26 2332 K2SUL         5A     ENY N8BV          1E   OH
QSO:  7215 PH 2021-06-26 2336 K2SUL         5A     ENY K9SH          1D   IN
QSO:  7227 PH 2021-06-26 2348 K2SUL         5A     ENY W4CA          4A   VA
QSO:  7264 PH 2021-06-27 0020 K2SUL         5A     ENY KS3F          1A   VA
QSO:  7249 PH 2021-06-27 0024 K2SUL         5A     ENY N7GFB         1E   NC
QSO:  7234 PH 2021-06-27 0036 K2SUL         5A     ENY KE4VA         1D   SC
QSO:  7234 PH 2021-06-27 0038 K2SUL         5A     ENY W8O           4A   OH
QSO:  7231 PH 2021-06-27 0053 K2SUL         5A     ENY W9W           1D   IL
QSO:  7225 PH 2021-06-27 0102 K2SUL         5A     ENY W4IY          9A   VA
QSO:  7212 PH 2021-06-27 0132 K2SUL         5A     ENY W6VM          2A   OH
QSO: 14051 CW 2021-06-27 0133 K2SUL         5A     ENY K6SRZ         1D   SF
QSO:  7210 PH 2021-06-27 0136 K2SUL         5A     ENY W1MA          3A   EMA
QSO:  7240 PH 2021-06-27 0139 K2SUL         5A     ENY K4JZQ         1D   VA
QSO:  7240 PH 2021-06-27 0140 K2SUL         5A     ENY AA1F          1B   WMA
QSO:  7240 PH 2021-06-27 0140 K2SUL         5A     ENY N1XL          1D   NC
QSO:  7240 PH 2021-06-27 0141 K2SUL         5A     ENY AJ2X          1D   NC
QSO:  7240 PH 2021-06-27 0142 K2SUL         5A     ENY W9Z           3A   IN
QSO:  7240 PH 2021-06-27 0142 K2SUL         5A     ENY AE8EA         2D   OH
QSO: 14048 CW 2021-06-27 0144 K2SUL         5A     ENY N6RK          1D   SV
QSO:  7240 PH 2021-06-27 0146 K2SUL         5A     ENY N4POW         2A   VA
QSO:  7240 PH 2021-06-27 0146 K2SUL         5A     ENY AA8IA         1D   OH
QSO: 14045 CW 2021-06-27 0147 K2SUL         5A     ENY N4AUG         4A   NFL
QSO:  7240 PH 2021-06-27 0148 K2SUL         5A     ENY WB9WZA        1D   IL
QSO:  7240 PH 2021-06-27 0148 K2SUL         5A     ENY VE2JCA        2B   QC
QSO:  7240 PH 2021-06-27 0149 K2SUL         5A     ENY KD9BNK        1E   IL
QSO: 14043 CW 2021-06-27 0149 K2SUL         5A     ENY KV0I          1D   NE
QSO: 14041 CW 2021-06-27 0151 K2SUL         5A     ENY K8TE          1E   NM
QSO:  7240 PH 2021-06-27 0153 K2SUL         5A     ENY K2LLC         1D   VA
QSO: 14040 CW 2021-06-27 0154 K2SUL         5A     ENY K4TLH         2A   NFL
QSO: 14039 CW 2021-06-27 0155 K2SUL         5A     ENY K6LL          1D   AZ
QSO: 14037 CW 2021-06-27 0158 K2SUL         5A     ENY W2OR          1D   NFL
QSO:  3799 PH 2021-06-27 0158 K2SUL         5A     ENY N3CO          2D   MDC
QSO:  3791 PH 2021-06-27 0202 K2SUL         5A     ENY AD2BO         1D   NLI
QSO: 14033 CW 2021-06-27 0203 K2SUL         5A     ENY W7SW          1D   AZ
QSO:  3728 PH 2021-06-27 0228 K2SUL         5A     ENY VE3PJ         1D   ONE
QSO:  3680 PH 2021-06-27 0235 K2SUL         5A     ENY W3VPR         4A   MDC
QSO:  3700 PH 2021-06-27 0236 K2SUL         5A     ENY WA3COM        4A   WPA
QSO:    50 PH 2021-06-27 0252 K2SUL         5A     ENY N3IS          2A   EPA
QSO:    50 PH 2021-06-27 0252 K2SUL         5A     ENY W3ARD         5A   EPA
QSO:    50 PH 2021-06-27 0252 K2SUL         5A     ENY KR1ST         1D   EPA
QSO:  7186 PH 2021-06-27 0253 K2SUL         5A     ENY OK1CF         1D   DX
QSO:    50 PH 2021-06-27 0253 K2SUL         5A     ENY W2RME         4A   WNY
QSO:    50 PH 2021-06-27 0253 K2SUL         5A     ENY W2NYW         2A   ENY
QSO:    50 PH 2021-06-27 0253 K2SUL         5A     ENY KC2BNX        1B   ENY
QSO:    50 PH 2021-06-27 0254 K2SUL         5A     ENY W1AW          5F   CT
QSO:    50 PH 2021-06-27 0254 K2SUL         5A     ENY W3EM          5A   EPA
QSO:    50 PH 2021-06-27 0254 K2SUL         5A     ENY W1VD          1E   CT
QSO:    50 PH 2021-06-27 0254 K2SUL         5A     ENY N1EV          2A   CT
QSO:    50 PH 2021-06-27 0254 K2SUL         5A     ENY N1WM          6A   WMA
QSO:  7000 PH 2021-06-27 0257 K2SUL         5A     ENY K1CCN         3A   WI
QSO:  7000 PH 2021-06-27 0302 K2SUL         5A     ENY KC8ZGW        1D   OH
QSO:  7000 PH 2021-06-27 0311 K2SUL         5A     ENY W8ID          3A   OH
QSO:  7000 PH 2021-06-27 0319 K2SUL         5A     ENY W0G           1D   MN
QSO:  7000 PH 2021-06-27 0322 K2SUL         5A     ENY W4NJA         3A   KY
QSO:  7000 PH 2021-06-27 0325 K2SUL         5A     ENY WB0DYZ        1D   MN
QSO:  7000 PH 2021-06-27 0333 K2SUL         5A     ENY K4WCN         1D   SC
QSO:  7000 PH 2021-06-27 0336 K2SUL         5A     ENY K4PAR         4A   GA
QSO:  7285 PH 2021-06-27 0355 K2SUL         5A     ENY W5KU          1E   STX
QSO:  7268 PH 2021-06-27 0357 K2SUL         5A     ENY W9SU          3A   IN
QSO:  7268 PH 2021-06-27 0357 K2SUL         5A     ENY K8KRG         5A   OH
QSO:  7000 PH 2021-06-27 0357 K2SUL         5A     ENY WZ5M          1D   LA
QSO:  7290 PH 2021-06-27 0358 K2SUL         5A     ENY K4SBZ         1E   NFL
QSO:  7234 PH 2021-06-27 0358 K2SUL         5A     ENY N8SA          1E   MI
QSO:  7294 PH 2021-06-27 0400 K2SUL         5A     ENY K4BFT         4A   AL
QSO:  3745 PH 2021-06-27 0403 K2SUL         5A     ENY WK1O          1A   EMA
QSO:  3730 PH 2021-06-27 0407 K2SUL         5A     ENY KC3JNW        1E   EPA
QSO:  7291 PH 2021-06-27 0411 K2SUL         5A     ENY K0GNE         2A   NE
QSO:  7283 PH 2021-06-27 0413 K2SUL         5A     ENY KT9K          4F   IN
QSO:  7185 PH 2021-06-27 0423 K2SUL         5A     ENY N4AUG         4A   NFL
QSO:  7000 PH 2021-06-27 0427 K2SUL         5A     ENY N0FUK         1E   IA
QSO:  7176 PH 2021-06-27 0437 K2SUL         5A     ENY S51CK         1A   DX
QSO:  7280 PH 2021-06-27 0444 K2SUL         5A     ENY W5TTX         1D   AL
QSO:  7156 PH 2021-06-27 0453 K2SUL         5A     ENY WG5D          1A   AL
QSO:  7153 PH 2021-06-27 0457 K2SUL         5A     ENY N4AW          2A   SC
QSO:  7040 CW 2021-06-27 0956 K2SUL         5A     ENY N1GN          3A   NH
QSO:    50 PH 2021-06-27 1047 K2SUL         5A     ENY KE1S          2A   CT
QSO: 14242 PH 2021-06-27 1051 K2SUL         5A     ENY K4QQG         1D   SC
QSO:  7182 PH 2021-06-27 1052 K2SUL         5A     ENY K9IQP         2F   IL
QSO:   144 FM 2021-06-27 1058 K2SUL         5A     ENY N1FD          4A   NH
QSO:  7144 PH 2021-06-27 1109 K2SUL         5A     ENY N7NR          1D   ORG
QSO:  7133 PH 2021-06-27 1117 K2SUL         5A     ENY K8ES          4F   OH
QSO:  7028 CW 2021-06-27 1203 K2SUL         5A     ENY KC8ZH         1D   IN
QSO:  7028 CW 2021-06-27 1203 K2SUL         5A     ENY K4BFT         4A   AL
QSO:  7028 CW 2021-06-27 1206 K2SUL         5A     ENY WA3EKL        3E   MDC
QSO:  7037 CW 2021-06-27 1221 K2SUL         5A     ENY W8MET         1D   OH
QSO:  7039 CW 2021-06-27 1222 K2SUL         5A     ENY W3MIE         2A   WPA
QSO:    50 PH 2021-06-27 1239 K2SUL         5A     ENY ND4DX         1D   NFL
QSO:    50 PH 2021-06-27 1242 K2SUL         5A     ENY W4GX          1D   NFL
QSO:    50 PH 2021-06-27 1244 K2SUL         5A     ENY WA3LXD        1D   NFL
QSO:    50 PH 2021-06-27 1254 K2SUL         5A     ENY K4VRC         2A   NFL
QSO:  7041 CW 2021-06-27 1255 K2SUL         5A     ENY WV8AR         2A   WV
QSO: 14216 PH 2021-06-27 1256 K2SUL         5A     ENY K5OF          1A   NC
QSO:    50 PH 2021-06-27 1302 K2SUL         5A     ENY TO1A          2B   DX
QSO: 14013 CW 2021-06-27 1303 K2SUL         5A     ENY W4CVY         3A   GA
QSO:  7213 PH 2021-06-27 1304 K2SUL         5A     ENY W1NVT         2A   VT
QSO: 14021 CW 2021-06-27 1306 K2SUL         5A     ENY N9AU          1D   WI
QSO:  7217 PH 2021-06-27 1307 K2SUL         5A     ENY K4PMH         1A   VA
QSO: 14026 CW 2021-06-27 1309 K2SUL         5A     ENY K8SCH         3A   OH
QSO: 14026 CW 2021-06-27 1310 K2SUL         5A     ENY K4NMR         1D   WCF
QSO: 14027 CW 2021-06-27 1312 K2SUL         5A     ENY K8PI          3A   OH
QSO:    50 PH 2021-06-27 1314 K2SUL         5A     ENY K1TEO         1D   CT
QSO:  7242 PH 2021-06-27 1318 K2SUL         5A     ENY K8WHB         2A   OH
QSO:  7137 PH 2021-06-27 1320 K2SUL         5A     ENY KC8B          2A   OH
QSO:    50 PH 2021-06-27 1321 K2SUL         5A     ENY W4SVI         5A   SFL
QSO:    50 PH 2021-06-27 1325 K2SUL         5A     ENY N4VNC         1A   GA
QSO:  7044 CW 2021-06-27 1338 K2SUL         5A     ENY KV2X          1B   WNY
QSO:  7045 CW 2021-06-27 1340 K2SUL         5A     ENY W8QLY         5A   OH
QSO: 14243 PH 2021-06-27 1342 K2SUL         5A     ENY NN2DX         1E   ME
QSO: 14238 PH 2021-06-27 1343 K2SUL         5A     ENY K4PAR         4A   GA
QSO: 14281 PH 2021-06-27 1345 K2SUL         5A     ENY W4KJ          1D   ME
QSO:    50 PH 2021-06-27 1350 K2SUL         5A     ENY K4ZK          3A   SFL
QSO:  7000 PH 2021-06-27 1350 K2SUL         5A     ENY WA1ENO        1E   MA
QSO:    50 PH 2021-06-27 1353 K2SUL         5A     ENY WD4AB         1D   SFL
QSO:  7000 PH 2021-06-27 1354 K2SUL         5A     ENY K1B           4E   NH
QSO:  7000 PH 2021-06-27 1359 K2SUL         5A     ENY W1AQ          1A   RI
QSO:   144 FM 2021-06-27 1400 K2SUL         5A     ENY KC2BNW        1B   ENY
QSO:  7000 PH 2021-06-27 1403 K2SUL         5A     ENY W3OC          4A   PA
QSO:    50 PH 2021-06-27 1405 K2SUL         5A     ENY WZ5M          1D   LA
QSO:  7000 PH 2021-06-27 1417 K2SUL         5A     ENY WS1SM         3A   ME
QSO:  7000 PH 2021-06-27 1423 K2SUL         5A     ENY VA2RGA        1A   QC
QSO:    50 PH 2021-06-27 1429 K2SUL         5A     ENY KZ1O          2B   NFL
QSO: 28392 PH 2021-06-27 1435 K2SUL         5A     ENY K4QQG         1D   SC
QSO:  7000 PH 2021-06-27 1436 K2SUL         5A     ENY WX3B          6D   MD
QSO:  7000 PH 2021-06-27 1443 K2SUL         5A     ENY W3GV          4E   PA
QSO:  7000 PH 2021-06-27 1448 K2SUL         5A     ENY VE3LKS        1D   ON
QSO:  7000 PH 2021-06-27 1451 K2SUL         5A     ENY KC3R          2A   PA
QSO:  7000 PH 2021-06-27 1507 K2SUL         5A     ENY N2CMC         3A   SNJ
QSO:  7000 PH 2021-06-27 1509 K2SUL         5A     ENY N2LDV         1D   NY
QSO:  7000 CW 2021-06-27 1841 K2SUL         5A     ENY K4BFT         4A   AL
QSO:  7000 CW 2021-06-27 1842 K2SUL         5A     ENY KS0JA         3F   KS
QSO:  7000 CW 2021-06-27 1842 K2SUL         5A     ENY W7CXX         2D   UT
QSO:  7000 CW 2021-06-27 1845 K2SUL         5A     ENY K6MI          1A   CA
QSO:  7000 CW 2021-06-27 1845 K2SUL         5A     ENY W3WRC         1D   CA
QSO:  7000 CW 2021-06-27 1846 K2SUL         5A     ENY K9OM          2E   WI
QSO:  7000 CW 2021-06-27 1846 K2SUL         5A     ENY K0AV          1B   CO
QSO:  7000 CW 2021-06-27 1846 K2SUL         5A     ENY W6ML          1D   CA
QSO:  7000 CW 2021-06-27 1847 K2SUL         5A     ENY NW6P          2D   CA
QSO:  7000 CW 2021-06-27 1847 K2SUL         5A     ENY K0KKV         3A   NE
QSO:  7000 CW 2021-06-27 1847 K2SUL         5A     ENY K5TR          1D   TX
QSO:  7000 CW 2021-06-27 1847 K2SUL         5A     ENY W9OE          3A   IN
QSO:  7000 CW 2021-06-27 1848 K2SUL         5A     ENY WA4PSC        1D   NC
QSO:  7000 CW 2021-06-27 1848 K2SUL         5A     ENY N7NR          1D   CA
QSO:  7000 CW 2021-06-27 1848 K2SUL         5A     ENY W9MVA         3A   WI
QSO:  7000 CW 2021-06-27 1849 K2SUL         5A     ENY WA2DFI        1A   AZ
QSO:  7000 CW 2021-06-27 1849 K2SUL         5A     ENY W0ERS         4A   KS
QSO:  7000 CW 2021-06-27 1849 K2SUL         5A     ENY W4DW          6A   NC
QSO:  7000 CW 2021-06-27 1849 K2SUL         5A     ENY W4KX          1D   NC
QSO:  7000 CW 2021-06-27 1850 K2SUL         5A     ENY AJ4A          6A   KY
QSO:  7000 CW 2021-06-27 1850 K2SUL         5A     ENY W4GJ          1D   FL
QSO:  7000 CW 2021-06-27 1850 K2SUL         5A     ENY W4CB          2E   VA
QSO:  7000 CW 2021-06-27 1851 K2SUL         5A     ENY K5TU          1E   TX
QSO:  7000 CW 2021-06-27 1851 K2SUL         5A     ENY AA2BJ         1D   NY
QSO:  7000 CW 2021-06-27 1851 K2SUL         5A     ENY K0LIR         1D   MO
QSO:  7000 CW 2021-06-27 1852 K2SUL         5A     ENY W8NTO         3A   MI
QSO:  7000 CW 2021-06-27 1852 K2SUL         5A     ENY KE4Q          2E   FL
QSO:  7000 CW 2021-06-27 1853 K2SUL         5A     ENY W3MIE         2A   PA
QSO:  7000 CW 2021-06-27 1853 K2SUL         5A     ENY N4MIO         2A   NC
END-OF-LOG:
